build/app/outputs/mapping/release/seeds.txt
com.example.apping.MainActivity
com.example.apping.MainActivity: MainActivity()
...
io.grpc.internal.DnsNameResolverProvider: DnsNameResolverProvider()
androidx.appcompat.widget.AppCompatImageView: void setSupportImageTintMode(android.graphics.PorterDuff$Mode)
androidx.core.view.WindowInsetsCompat$Impl: androidx.core.graphics.Insets getSystemGestureInsets()
androidx.appcompat.widget.AppCompatTextViewAutoSizeHelper$Impl: void computeAndSetTextDirection(android.text.StaticLayout$Builder,android.widget.TextView)
androidx.core.content.ContextCompat$Api24Impl: java.io.File getDataDir(android.content.Context)
com.google.firebase.firestore.core.ViewSnapshot$SyncState: com.google.firebase.firestore.core.ViewSnapshot$SyncState valueOf(java.lang.String)
io.flutter.plugin.editing.ImeSyncDeferringInsetsCallback: boolean access$302(io.flutter.plugin.editing.ImeSyncDeferringInsetsCallback,boolean)
com.google.firebase.firestore.remote.Stream$State: com.google.firebase.firestore.remote.Stream$State[] values()
androidx.appcompat.widget.AppCompatSpinner: void setSupportBackgroundTintMode(android.graphics.PorterDuff$Mode)
io.flutter.embedding.engine.FlutterJNI: void onSurfaceWindowChanged(android.view.Surface)
androidx.appcompat.widget.AppCompatImageView: void setBackgroundResource(int)
androidx.appcompat.widget.Toolbar: void setNavigationIcon(android.graphics.drawable.Drawable)
androidx.lifecycle.LifecycleDispatcher$DispatcherActivityCallback: void onActivityCreated(android.app.Activity,android.os.Bundle)
androidx.core.view.WindowInsetsCompat$Impl20: androidx.core.graphics.Insets getVisibleInsets(android.view.View)
androidx.appcompat.widget.Toolbar: android.graphics.drawable.Drawable getCollapseIcon()
androidx.core.view.ViewCompat$Api21Impl: boolean isNestedScrollingEnabled(android.view.View)
androidx.core.view.MenuItemCompat$Api26Impl: android.view.MenuItem setIconTintMode(android.view.MenuItem,android.graphics.PorterDuff$Mode)
kotlinx.coroutines.scheduling.CoroutineScheduler$WorkerState: kotlinx.coroutines.scheduling.CoroutineScheduler$WorkerState valueOf(java.lang.String)
androidx.core.os.BundleApi21ImplKt: void putSizeF(android.os.Bundle,java.lang.String,android.util.SizeF)
com.google.firebase.heartbeatinfo.HeartBeatInfo$HeartBeat: com.google.firebase.heartbeatinfo.HeartBeatInfo$HeartBeat valueOf(java.lang.String)
androidx.core.view.ViewCompat$Api30Impl: int getImportantForContentCapture(android.view.View)
androidx.core.os.BundleCompat$Api33Impl: android.util.SparseArray getSparseParcelableArray(android.os.Bundle,java.lang.String,java.lang.Class)
io.flutter.embedding.engine.FlutterJNI: void onSurfaceDestroyed()
androidx.core.view.ViewCompat$Api26Impl: void addKeyboardNavigationClusters(android.view.View,java.util.Collection,int)
androidx.appcompat.widget.SwitchCompat: int getThumbOffset()
io.flutter.plugins.imagepicker.Messages$SourceCamera: io.flutter.plugins.imagepicker.Messages$SourceCamera valueOf(java.lang.String)
io.flutter.plugins.imagepicker.ImagePickerDelegate$CameraDevice: io.flutter.plugins.imagepicker.ImagePickerDelegate$CameraDevice valueOf(java.lang.String)
androidx.appcompat.widget.ButtonBarLayout: void setStacked(boolean)
io.flutter.view.TextureRegistry$ImageTextureEntry: void pushImage(android.media.Image)
androidx.core.graphics.drawable.DrawableCompat$Api21Impl: void applyTheme(android.graphics.drawable.Drawable,android.content.res.Resources$Theme)
com.google.protobuf.WireFormat$JavaType: com.google.protobuf.WireFormat$JavaType[] values()
androidx.appcompat.widget.LinearLayoutCompat: int getBaselineAlignedChildIndex()
com.google.common.collect.Maps$EntryFunction: com.google.common.collect.Maps$EntryFunction[] values()
androidx.appcompat.widget.ContentFrameLayout: android.util.TypedValue getFixedHeightMinor()
androidx.core.view.WindowInsetsCompat$BuilderImpl29: WindowInsetsCompat$BuilderImpl29()
androidx.appcompat.widget.AppCompatCheckBox: void setBackgroundDrawable(android.graphics.drawable.Drawable)
androidx.appcompat.view.menu.ActionMenuItemView: void setIcon(android.graphics.drawable.Drawable)