build/app/outputs/mapping/release/usage.txt
com.example.apping.R$drawable
com.example.apping.R$mipmap
com.example.apping.R$string
com.example.apping.R$style
com.example.apping.R
com.example.apping.MainActivity:
    private static void $r8$constructor$io$flutter$embedding$android$FlutterFragmentActivity()
    public static void cleanUpFlutterEngine$io$flutter$embedding$android$FlutterFragmentActivity()
    public static void configureFlutterEngine$io$flutter$embedding$android$FlutterFragmentActivity()
    public static void configureStatusBarForFullscreenFlutterExperience()
    public static void configureStatusBarForFullscreenFlutterExperience$io$flutter$embedding$android$FlutterFragmentActivity()
    public static void configureWindowForTransparency()
    public static void configureWindowForTransparency$io$flutter$embedding$android$FlutterFragmentActivity()
    public static io.flutter.embedding.android.FlutterFragment createFlutterFragment()
    public static io.flutter.embedding.android.FlutterFragment createFlutterFragment$io$flutter$embedding$android$FlutterFragmentActivity()
    public static android.view.View createFragmentContainer()
    public static android.view.View createFragmentContainer$io$flutter$embedding$android$FlutterFragmentActivity()
    public static void ensureFlutterFragmentCreated()
    public static void ensureFlutterFragmentCreated$io$flutter$embedding$android$FlutterFragmentActivity()
    public static java.lang.String getAppBundlePath$io$flutter$embedding$android$FlutterFragmentActivity()
...
com.google.common.util.concurrent.ClosingFuture
com.google.common.util.concurrent.CollectionFuture$ListFuture
com.google.common.util.concurrent.CollectionFuture$Present
com.google.common.util.concurrent.CollectionFuture
com.google.common.util.concurrent.CombinedFuture$AsyncCallableInterruptibleTask
com.google.common.util.concurrent.CombinedFuture$CallableInterruptibleTask
com.google.common.util.concurrent.CombinedFuture$CombinedFutureInterruptibleTask
com.google.common.util.concurrent.CombinedFuture
com.google.common.util.concurrent.CycleDetectingLockFactory$1
com.google.common.util.concurrent.CycleDetectingLockFactory$CycleDetectingLock
com.google.common.util.concurrent.CycleDetectingLockFactory$CycleDetectingReentrantLock
com.google.common.util.concurrent.CycleDetectingLockFactory$CycleDetectingReentrantReadLock
com.google.common.util.concurrent.CycleDetectingLockFactory$CycleDetectingReentrantReadWriteLock
com.google.common.util.concurrent.CycleDetectingLockFactory$CycleDetectingReentrantWriteLock
com.google.common.util.concurrent.CycleDetectingLockFactory$ExampleStackTrace
com.google.common.util.concurrent.CycleDetectingLockFactory$LockGraphNode
com.google.common.util.concurrent.CycleDetectingLockFactory$Policies$1
com.google.common.util.concurrent.CycleDetectingLockFactory$Policies$2
com.google.common.util.concurrent.CycleDetectingLockFactory$Policies$3
com.google.common.util.concurrent.CycleDetectingLockFactory$Policies
com.google.common.util.concurrent.CycleDetectingLockFactory$Policy
com.google.common.util.concurrent.CycleDetectingLockFactory$PotentialDeadlockException
com.google.common.util.concurrent.CycleDetectingLockFactory$WithExplicitOrdering
com.google.common.util.concurrent.CycleDetectingLockFactory
com.google.common.util.concurrent.ElementTypesAreNonnullByDefault
com.google.common.util.concurrent.ExecutionError
com.google.common.util.concurrent.ExecutionList$RunnableExecutorPair
com.google.common.util.concurrent.ExecutionList
com.google.common.util.concurrent.ExecutionSequencer$1
com.google.common.util.concurrent.ExecutionSequencer$2
com.google.common.util.concurrent.ExecutionSequencer$RunningState
com.google.common.util.concurrent.ExecutionSequencer$TaskNonReentrantExecutor
com.google.common.util.concurrent.ExecutionSequencer$ThreadConfinedTaskQueue
com.google.common.util.concurrent.ExecutionSequencer
com.google.common.util.concurrent.FakeTimeLimiter
com.google.common.util.concurrent.FluentFuture$TrustedFuture
com.google.common.util.concurrent.FluentFuture
com.google.common.util.concurrent.ForwardingBlockingDeque
com.google.common.util.concurrent.ForwardingBlockingQueue
com.google.common.util.concurrent.ForwardingCondition
com.google.common.util.concurrent.ForwardingExecutorService
com.google.common.util.concurrent.ForwardingFluentFuture
com.google.common.util.concurrent.ForwardingFuture$SimpleForwardingFuture
com.google.common.util.concurrent.ForwardingFuture
com.google.common.util.concurrent.ForwardingListenableFuture$SimpleForwardingListenableFuture
com.google.common.util.concurrent.ForwardingListenableFuture
com.google.common.util.concurrent.ForwardingListeningExecutorService
com.google.common.util.concurrent.ForwardingLock
com.google.common.util.concurrent.FutureCallback
com.google.common.util.concurrent.Futures$1
com.google.common.util.concurrent.Futures$CallbackListener
com.google.common.util.concurrent.Futures$FutureCombiner$1
com.google.common.util.concurrent.Futures$FutureCombiner
com.google.common.util.concurrent.Futures$InCompletionOrderFuture
com.google.common.util.concurrent.Futures$InCompletionOrderState
com.google.common.util.concurrent.Futures$NonCancellationPropagatingFuture
com.google.common.util.concurrent.Futures
com.google.common.util.concurrent.FuturesGetChecked$GetCheckedTypeValidator
com.google.common.util.concurrent.FuturesGetChecked$GetCheckedTypeValidatorHolder$WeakSetValidator
com.google.common.util.concurrent.FuturesGetChecked$GetCheckedTypeValidatorHolder